Using pre-set license
Built from '2021.3/staging' branch; Version is '2021.3.18f1 (3129e69bc0c7) revision 3221990'; Using compiler version '192829333'; Build Type 'Release'
OS: 'Windows 11  (10.0.22621) 64bit Core' Language: 'en' Physical Memory: 15741 MB
BatchMode: 1, IsHumanControllingUs: 0, StartBugReporterOnCrash: 0, Is64bit: 1, IsPro: 1

COMMAND LINE ARGUMENTS:
C:\Program Files\Unity\Hub\Editor\2021.3.18f1\Editor\Unity.exe
-adb2
-batchMode
-noUpm
-name
AssetImportWorker1
-projectPath
D:/University/V semester/SFI-II/WEM_23/SFI
-logFile
Logs/AssetImportWorker1.log
-srvPort
27681
Successfully changed project path to: D:/University/V semester/SFI-II/WEM_23/SFI
D:/University/V semester/SFI-II/WEM_23/SFI
[UnityMemory] Configuration Parameters - Can be set up in boot.config
    "memorysetup-bucket-allocator-granularity=16"
    "memorysetup-bucket-allocator-bucket-count=8"
    "memorysetup-bucket-allocator-block-size=33554432"
    "memorysetup-bucket-allocator-block-count=8"
    "memorysetup-main-allocator-block-size=16777216"
    "memorysetup-thread-allocator-block-size=16777216"
    "memorysetup-gfx-main-allocator-block-size=16777216"
    "memorysetup-gfx-thread-allocator-block-size=16777216"
    "memorysetup-cache-allocator-block-size=4194304"
    "memorysetup-typetree-allocator-block-size=2097152"
    "memorysetup-profiler-bucket-allocator-granularity=16"
    "memorysetup-profiler-bucket-allocator-bucket-count=8"
    "memorysetup-profiler-bucket-allocator-block-size=33554432"
    "memorysetup-profiler-bucket-allocator-block-count=8"
    "memorysetup-profiler-allocator-block-size=16777216"
    "memorysetup-profiler-editor-allocator-block-size=1048576"
    "memorysetup-temp-allocator-size-main=16777216"
    "memorysetup-job-temp-allocator-block-size=2097152"
    "memorysetup-job-temp-allocator-block-size-background=1048576"
    "memorysetup-job-temp-allocator-reduction-small-platforms=262144"
    "memorysetup-temp-allocator-size-background-worker=32768"
    "memorysetup-temp-allocator-size-job-worker=262144"
    "memorysetup-temp-allocator-size-preload-manager=33554432"
    "memorysetup-temp-allocator-size-nav-mesh-worker=65536"
    "memorysetup-temp-allocator-size-audio-worker=65536"
    "memorysetup-temp-allocator-size-cloud-worker=32768"
    "memorysetup-temp-allocator-size-gi-baking-worker=262144"
    "memorysetup-temp-allocator-size-gfx=262144"
Player connection [32656] Host "[IP] 10.8.183.230 [Port] 0 [Flags] 2 [Guid] 3436650640 [EditorId] 3436650640 [Version] 1048832 [Id] WindowsEditor(7,Kayre) [Debug] 1 [PackageName] WindowsEditor [ProjectName] Editor" joined multi-casting on [225.0.0.222:54997]...

Player connection [32656] Host "[IP] 10.8.183.230 [Port] 0 [Flags] 2 [Guid] 3436650640 [EditorId] 3436650640 [Version] 1048832 [Id] WindowsEditor(7,Kayre) [Debug] 1 [PackageName] WindowsEditor [ProjectName] Editor" joined alternative multi-casting on [225.0.0.222:34997]...

Refreshing native plugins compatible for Editor in 109.75 ms, found 4 plugins.
Preloading 0 native plugins for Editor in 0.00 ms.
Initialize engine version: 2021.3.18f1 (3129e69bc0c7)
[Subsystems] Discovering subsystems at path C:/Program Files/Unity/Hub/Editor/2021.3.18f1/Editor/Data/Resources/UnitySubsystems
[Subsystems] Discovering subsystems at path D:/University/V semester/SFI-II/WEM_23/SFI/Assets
GfxDevice: creating device client; threaded=0; jobified=0
Direct3D:
    Version:  Direct3D 11.0 [level 11.1]
    Renderer: NVIDIA GeForce GTX 1660 Ti (ID=0x2191)
    Vendor:   NVIDIA
    VRAM:     5991 MB
    Driver:   31.0.15.1659
Initialize mono
Mono path[0] = 'C:/Program Files/Unity/Hub/Editor/2021.3.18f1/Editor/Data/Managed'
Mono path[1] = 'C:/Program Files/Unity/Hub/Editor/2021.3.18f1/Editor/Data/MonoBleedingEdge/lib/mono/unityjit-win32'
Mono config path = 'C:/Program Files/Unity/Hub/Editor/2021.3.18f1/Editor/Data/MonoBleedingEdge/etc'
Using monoOptions --debugger-agent=transport=dt_socket,embedding=1,server=y,suspend=n,address=127.0.0.1:56416
Begin MonoManager ReloadAssembly
Registering precompiled unity dll's ...
Register platform support module: C:/Program Files/Unity/Hub/Editor/2021.3.18f1/Editor/Data/PlaybackEngines/WindowsStandaloneSupport/UnityEditor.WindowsStandalone.Extensions.dll
Registered in 0.006615 seconds.
Native extension for WindowsStandalone target not found
Refreshing native plugins compatible for Editor in 89.83 ms, found 4 plugins.
Preloading 0 native plugins for Editor in 0.00 ms.
Mono: successfully reloaded assembly
- Completed reload, in  0.793 seconds
Domain Reload Profiling:
	ReloadAssembly (793ms)
		BeginReloadAssembly (130ms)
			ExecutionOrderSort (0ms)
			DisableScriptedObjects (0ms)
			BackupInstance (0ms)
			ReleaseScriptingObjects (0ms)
			CreateAndSetChildDomain (1ms)
		EndReloadAssembly (535ms)
			LoadAssemblies (127ms)
			RebuildTransferFunctionScriptingTraits (0ms)
			SetupTypeCache (157ms)
			ReleaseScriptCaches (0ms)
			RebuildScriptCaches (31ms)
			SetupLoadedEditorAssemblies (286ms)
				LogAssemblyErrors (0ms)
				InitializePlatformSupportModulesInManaged (7ms)
				SetLoadedEditorAssemblies (0ms)
				RefreshPlugins (90ms)
				BeforeProcessingInitializeOnLoad (1ms)
				ProcessInitializeOnLoadAttributes (137ms)
				ProcessInitializeOnLoadMethodAttributes (51ms)
				AfterProcessingInitializeOnLoad (0ms)
				EditorAssembliesLoaded (0ms)
			ExecutionOrderSort2 (0ms)
			AwakeInstancesAfterBackupRestoration (0ms)
Platform modules already initialized, skipping
Registering precompiled user dll's ...
Registered in 0.004739 seconds.
Begin MonoManager ReloadAssembly
Symbol file LoadedFromMemory doesn't match image D:\University\V semester\SFI-II\WEM_23\SFI\Library\PackageCache\com.unity.visualscripting@1.8.0\Editor\VisualScripting.Core\Dependencies\YamlDotNet\Unity.VisualScripting.YamlDotNet.dll
Symbol file LoadedFromMemory doesn't match image D:\University\V semester\SFI-II\WEM_23\SFI\Library\PackageCache\com.unity.visualscripting@1.8.0\Editor\VisualScripting.Core\Dependencies\DotNetZip\Unity.VisualScripting.IonicZip.dll
Native extension for WindowsStandalone target not found
Refreshing native plugins compatible for Editor in 0.75 ms, found 4 plugins.
Preloading 0 native plugins for Editor in 0.00 ms.
Mono: successfully reloaded assembly
- Completed reload, in  1.363 seconds
Domain Reload Profiling:
	ReloadAssembly (1364ms)
		BeginReloadAssembly (117ms)
			ExecutionOrderSort (0ms)
			DisableScriptedObjects (6ms)
			BackupInstance (0ms)
			ReleaseScriptingObjects (0ms)
			CreateAndSetChildDomain (20ms)
		EndReloadAssembly (1153ms)
			LoadAssemblies (92ms)
			RebuildTransferFunctionScriptingTraits (0ms)
			SetupTypeCache (447ms)
			ReleaseScriptCaches (1ms)
			RebuildScriptCaches (78ms)
			SetupLoadedEditorAssemblies (422ms)
				LogAssemblyErrors (0ms)
				InitializePlatformSupportModulesInManaged (15ms)
				SetLoadedEditorAssemblies (1ms)
				RefreshPlugins (1ms)
				BeforeProcessingInitializeOnLoad (86ms)
				ProcessInitializeOnLoadAttributes (287ms)
				ProcessInitializeOnLoadMethodAttributes (23ms)
				AfterProcessingInitializeOnLoad (9ms)
				EditorAssembliesLoaded (0ms)
			ExecutionOrderSort2 (0ms)
			AwakeInstancesAfterBackupRestoration (5ms)
Platform modules already initialized, skipping
========================================================================
Worker process is ready to serve import requests
Launched and connected shader compiler UnityShaderCompiler.exe after 0.07 seconds
Refreshing native plugins compatible for Editor in 0.76 ms, found 4 plugins.
Preloading 0 native plugins for Editor in 0.00 ms.
Unloading 3489 Unused Serialized files (Serialized files now loaded: 0)
Unloading 32 unused Assets / (139.1 KB). Loaded Objects now: 3943.
Memory consumption went from 125.6 MB to 125.5 MB.
Total: 3.822500 ms (FindLiveObjects: 0.392500 ms CreateObjectMapping: 0.205100 ms MarkObjects: 3.074600 ms  DeleteObjects: 0.148600 ms)

AssetImportParameters requested are different than current active one (requested -> active):
  custom:video-decoder-ogg-theora: a1e56fd34408186e4bbccfd4996cb3dc -> 
  custom:container-muxer-webm: aa71ff27fc2769a1b78a27578f13a17b -> 
  custom:container-demuxer-webm: 4f35f7cbe854078d1ac9338744f61a02 -> 
  custom:video-encoder-webm-vp8: eb34c28f22e8b96e1ab97ce403110664 -> 
  custom:audio-encoder-webm-vorbis: bf7c407c2cedff20999df2af8eb42d56 -> 
  custom:framework-win-MediaFoundation: 216162199b28c13a410421893ffa2e32 -> 
  custom:container-demuxer-ogg: 62fdf1f143b41e24485cea50d1cbac27 -> 
  custom:video-decoder-webm-vp8: 9c59270c3fd7afecdb556c50c9e8de78 -> 
  custom:audio-decoder-ogg-vorbis: bf7c407c2cedff20999df2af8eb42d56 -> 
========================================================================
Received Import Request.
  Time since last request: 679500.897595 seconds.
  path: Assets/Scenes/Service Provider (Desktop) Variant.prefab
  artifactKey: Guid(6b3247dae1b008949bf933caff7383a1) Importer(815301076,1909f56bfc062723c751e8b465ee728b)
Start importing Assets/Scenes/Service Provider (Desktop) Variant.prefab using Guid(6b3247dae1b008949bf933caff7383a1) Importer(815301076,1909f56bfc062723c751e8b465ee728b)  -> (artifact id: '868dbeb21f74a79f70e0d26e58beecc6') in 0.051633 seconds 
========================================================================
Received Import Request.
  Time since last request: 43.550534 seconds.
  path: Assets/Plugins/ThirdParty/Ultraleap/Tracking/Examples/Core Examples/Example Assets/Attachment Hands Example Green.mat
  artifactKey: Guid(81f6d387b9d5c994d9e291af97c84648) Importer(815301076,1909f56bfc062723c751e8b465ee728b)
Start importing Assets/Plugins/ThirdParty/Ultraleap/Tracking/Examples/Core Examples/Example Assets/Attachment Hands Example Green.mat using Guid(81f6d387b9d5c994d9e291af97c84648) Importer(815301076,1909f56bfc062723c751e8b465ee728b)  -> (artifact id: '90bef7c87bdd8413de647293f07d18f9') in 0.136796 seconds 
========================================================================
Received Import Request.
  Time since last request: 0.153830 seconds.
  path: Assets/Plugins/ThirdParty/Ultraleap/Tracking/Examples/Hands Examples/Hands (URP)/Prefabs/Capsule Hands (URP) Variant.prefab
  artifactKey: Guid(01099db6b5106c14eba4aa9fd3736bbb) Importer(815301076,1909f56bfc062723c751e8b465ee728b)
Start importing Assets/Plugins/ThirdParty/Ultraleap/Tracking/Examples/Hands Examples/Hands (URP)/Prefabs/Capsule Hands (URP) Variant.prefab using Guid(01099db6b5106c14eba4aa9fd3736bbb) Importer(815301076,1909f56bfc062723c751e8b465ee728b)  -> (artifact id: 'b3c4a3f7d13329da1e99de2e0cd81f61') in 0.061070 seconds 
========================================================================
Received Import Request.
  Time since last request: 0.011934 seconds.
  path: Assets/Plugins/ThirdParty/Ultraleap/Tracking/Hands/Runtime/Prefabs/GenericHand_Arm.prefab
  artifactKey: Guid(85bdae4f36eb5b14c9fac95aec79bf2f) Importer(815301076,1909f56bfc062723c751e8b465ee728b)
Start importing Assets/Plugins/ThirdParty/Ultraleap/Tracking/Hands/Runtime/Prefabs/GenericHand_Arm.prefab using Guid(85bdae4f36eb5b14c9fac95aec79bf2f) Importer(815301076,1909f56bfc062723c751e8b465ee728b)  -> (artifact id: '6ac12038a847ef3a51def0b231a85bf7') in 0.066713 seconds 
========================================================================
Received Import Request.
  Time since last request: 0.269603 seconds.
  path: Assets/Plugins/ThirdParty/Ultraleap/Tracking/Examples/Hands Examples/Hands (URP)/Prefabs/Ghost Hands (URP) Variant.prefab
  artifactKey: Guid(8c79c4473c027f44e92a3f42d0e9de89) Importer(815301076,1909f56bfc062723c751e8b465ee728b)
Start importing Assets/Plugins/ThirdParty/Ultraleap/Tracking/Examples/Hands Examples/Hands (URP)/Prefabs/Ghost Hands (URP) Variant.prefab using Guid(8c79c4473c027f44e92a3f42d0e9de89) Importer(815301076,1909f56bfc062723c751e8b465ee728b)  -> (artifact id: '24c8d7516570f37d56e7c1fa58e6e317') in 0.113297 seconds 
========================================================================
Received Import Request.
  Time since last request: 0.074952 seconds.
  path: Assets/Plugins/ThirdParty/Ultraleap/Tracking/Examples/Hands Examples/Hands (URP)/Prefabs/Low Poly Hands (URP) Variant.prefab
  artifactKey: Guid(44474c4dd2994d94dae832c52f61c9aa) Importer(815301076,1909f56bfc062723c751e8b465ee728b)
Start importing Assets/Plugins/ThirdParty/Ultraleap/Tracking/Examples/Hands Examples/Hands (URP)/Prefabs/Low Poly Hands (URP) Variant.prefab using Guid(44474c4dd2994d94dae832c52f61c9aa) Importer(815301076,1909f56bfc062723c751e8b465ee728b)  -> (artifact id: '8deb93defe3dd5a73070f87550bddae6') in 0.118876 seconds 
========================================================================
Received Import Request.
  Time since last request: 0.017624 seconds.
  path: Assets/Plugins/ThirdParty/Ultraleap/Tracking/Examples/Hands Examples/Hands (URP)/Prefabs/LowPolyHandsWithArms (URP) Variant.prefab
  artifactKey: Guid(145cb75e0fc67084a8c9f5991e1dc7a4) Importer(815301076,1909f56bfc062723c751e8b465ee728b)
Start importing Assets/Plugins/ThirdParty/Ultraleap/Tracking/Examples/Hands Examples/Hands (URP)/Prefabs/LowPolyHandsWithArms (URP) Variant.prefab using Guid(145cb75e0fc67084a8c9f5991e1dc7a4) Importer(815301076,1909f56bfc062723c751e8b465ee728b)  -> (artifact id: '48c50f7544d8bffd07262d2f72e3edb4') in 0.071158 seconds 
========================================================================
Received Import Request.
  Time since last request: 0.030365 seconds.
  path: Assets/Plugins/ThirdParty/Ultraleap/Tracking/Examples/Hands Examples/Hands (URP)/Prefabs/Outline Hands (URP) Variant.prefab
  artifactKey: Guid(23b2054ea9b86af4b8cca0e870f7cf1d) Importer(815301076,1909f56bfc062723c751e8b465ee728b)
Start importing Assets/Plugins/ThirdParty/Ultraleap/Tracking/Examples/Hands Examples/Hands (URP)/Prefabs/Outline Hands (URP) Variant.prefab using Guid(23b2054ea9b86af4b8cca0e870f7cf1d) Importer(815301076,1909f56bfc062723c751e8b465ee728b)  -> (artifact id: '27032cd9c660ef52a3133793b8d69c93') in 0.101472 seconds 
========================================================================
Received Import Request.
  Time since last request: 0.444359 seconds.
  path: Assets/Plugins/ThirdParty/Ultraleap/Tracking/Examples/Hands Examples/Hands (URP)/Prefabs/Skeleton Hands (URP) Variant.prefab
  artifactKey: Guid(f1a2c7a6fb148664eabf5aad36e0aafc) Importer(815301076,1909f56bfc062723c751e8b465ee728b)
Start importing Assets/Plugins/ThirdParty/Ultraleap/Tracking/Examples/Hands Examples/Hands (URP)/Prefabs/Skeleton Hands (URP) Variant.prefab using Guid(f1a2c7a6fb148664eabf5aad36e0aafc) Importer(815301076,1909f56bfc062723c751e8b465ee728b)  -> (artifact id: '3a26ab8cd2fb38a0b8c817abfdd7a48d') in 0.474264 seconds 
========================================================================
Received Prepare
Registering precompiled user dll's ...
Registered in 0.003814 seconds.
Begin MonoManager ReloadAssembly
Symbol file LoadedFromMemory doesn't match image D:\University\V semester\SFI-II\WEM_23\SFI\Library\PackageCache\com.unity.visualscripting@1.8.0\Editor\VisualScripting.Core\Dependencies\YamlDotNet\Unity.VisualScripting.YamlDotNet.dll
Symbol file LoadedFromMemory doesn't match image D:\University\V semester\SFI-II\WEM_23\SFI\Library\PackageCache\com.unity.visualscripting@1.8.0\Editor\VisualScripting.Core\Dependencies\DotNetZip\Unity.VisualScripting.IonicZip.dll
Native extension for WindowsStandalone target not found
Refreshing native plugins compatible for Editor in 0.69 ms, found 4 plugins.
Preloading 0 native plugins for Editor in 0.00 ms.
Mono: successfully reloaded assembly
- Completed reload, in  0.899 seconds
Domain Reload Profiling:
	ReloadAssembly (900ms)
		BeginReloadAssembly (131ms)
			ExecutionOrderSort (0ms)
			DisableScriptedObjects (4ms)
			BackupInstance (0ms)
			ReleaseScriptingObjects (0ms)
			CreateAndSetChildDomain (37ms)
		EndReloadAssembly (664ms)
			LoadAssemblies (85ms)
			RebuildTransferFunctionScriptingTraits (0ms)
			SetupTypeCache (250ms)
			ReleaseScriptCaches (1ms)
			RebuildScriptCaches (37ms)
			SetupLoadedEditorAssemblies (262ms)
				LogAssemblyErrors (0ms)
				InitializePlatformSupportModulesInManaged (10ms)
				SetLoadedEditorAssemblies (0ms)
				RefreshPlugins (1ms)
				BeforeProcessingInitializeOnLoad (55ms)
				ProcessInitializeOnLoadAttributes (171ms)
				ProcessInitializeOnLoadMethodAttributes (19ms)
				AfterProcessingInitializeOnLoad (5ms)
				EditorAssembliesLoaded (0ms)
			ExecutionOrderSort2 (0ms)
			AwakeInstancesAfterBackupRestoration (5ms)
Platform modules already initialized, skipping
Refreshing native plugins compatible for Editor in 2.05 ms, found 4 plugins.
Preloading 0 native plugins for Editor in 0.00 ms.
Unloading 3435 Unused Serialized files (Serialized files now loaded: 0)
Unloading 50 unused Assets / (81.6 KB). Loaded Objects now: 3963.
Memory consumption went from 139.8 MB to 139.7 MB.
Total: 2.892200 ms (FindLiveObjects: 0.276200 ms CreateObjectMapping: 0.090900 ms MarkObjects: 2.364300 ms  DeleteObjects: 0.159400 ms)

AssetImportParameters requested are different than current active one (requested -> active):
  custom:video-decoder-ogg-theora: a1e56fd34408186e4bbccfd4996cb3dc -> 
  custom:container-muxer-webm: aa71ff27fc2769a1b78a27578f13a17b -> 
  custom:container-demuxer-webm: 4f35f7cbe854078d1ac9338744f61a02 -> 
  custom:video-encoder-webm-vp8: eb34c28f22e8b96e1ab97ce403110664 -> 
  custom:audio-encoder-webm-vorbis: bf7c407c2cedff20999df2af8eb42d56 -> 
  custom:framework-win-MediaFoundation: 216162199b28c13a410421893ffa2e32 -> 
  custom:container-demuxer-ogg: 62fdf1f143b41e24485cea50d1cbac27 -> 
  custom:video-decoder-webm-vp8: 9c59270c3fd7afecdb556c50c9e8de78 -> 
  custom:audio-decoder-ogg-vorbis: bf7c407c2cedff20999df2af8eb42d56 -> 
========================================================================
Received Prepare
Registering precompiled user dll's ...
Registered in 0.003755 seconds.
Begin MonoManager ReloadAssembly
Symbol file LoadedFromMemory doesn't match image D:\University\V semester\SFI-II\WEM_23\SFI\Library\PackageCache\com.unity.visualscripting@1.8.0\Editor\VisualScripting.Core\Dependencies\YamlDotNet\Unity.VisualScripting.YamlDotNet.dll
Symbol file LoadedFromMemory doesn't match image D:\University\V semester\SFI-II\WEM_23\SFI\Library\PackageCache\com.unity.visualscripting@1.8.0\Editor\VisualScripting.Core\Dependencies\DotNetZip\Unity.VisualScripting.IonicZip.dll
Native extension for WindowsStandalone target not found
Refreshing native plugins compatible for Editor in 0.68 ms, found 4 plugins.
Preloading 0 native plugins for Editor in 0.00 ms.
Mono: successfully reloaded assembly
- Completed reload, in  0.878 seconds
Domain Reload Profiling:
	ReloadAssembly (879ms)
		BeginReloadAssembly (126ms)
			ExecutionOrderSort (0ms)
			DisableScriptedObjects (5ms)
			BackupInstance (0ms)
			ReleaseScriptingObjects (0ms)
			CreateAndSetChildDomain (33ms)
		EndReloadAssembly (658ms)
			LoadAssemblies (88ms)
			RebuildTransferFunctionScriptingTraits (0ms)
			SetupTypeCache (244ms)
			ReleaseScriptCaches (1ms)
			RebuildScriptCaches (38ms)
			SetupLoadedEditorAssemblies (260ms)
				LogAssemblyErrors (0ms)
				InitializePlatformSupportModulesInManaged (11ms)
				SetLoadedEditorAssemblies (1ms)
				RefreshPlugins (1ms)
				BeforeProcessingInitializeOnLoad (57ms)
				ProcessInitializeOnLoadAttributes (169ms)
				ProcessInitializeOnLoadMethodAttributes (16ms)
				AfterProcessingInitializeOnLoad (6ms)
				EditorAssembliesLoaded (0ms)
			ExecutionOrderSort2 (0ms)
			AwakeInstancesAfterBackupRestoration (5ms)
Platform modules already initialized, skipping
Refreshing native plugins compatible for Editor in 2.02 ms, found 4 plugins.
Preloading 0 native plugins for Editor in 0.00 ms.
Unloading 3435 Unused Serialized files (Serialized files now loaded: 0)
Unloading 24 unused Assets / (81.0 KB). Loaded Objects now: 3966.
Memory consumption went from 139.5 MB to 139.4 MB.
Total: 3.265600 ms (FindLiveObjects: 0.275400 ms CreateObjectMapping: 0.086600 ms MarkObjects: 2.794700 ms  DeleteObjects: 0.107400 ms)

AssetImportParameters requested are different than current active one (requested -> active):
  custom:video-decoder-ogg-theora: a1e56fd34408186e4bbccfd4996cb3dc -> 
  custom:container-muxer-webm: aa71ff27fc2769a1b78a27578f13a17b -> 
  custom:container-demuxer-webm: 4f35f7cbe854078d1ac9338744f61a02 -> 
  custom:video-encoder-webm-vp8: eb34c28f22e8b96e1ab97ce403110664 -> 
  custom:audio-encoder-webm-vorbis: bf7c407c2cedff20999df2af8eb42d56 -> 
  custom:framework-win-MediaFoundation: 216162199b28c13a410421893ffa2e32 -> 
  custom:container-demuxer-ogg: 62fdf1f143b41e24485cea50d1cbac27 -> 
  custom:video-decoder-webm-vp8: 9c59270c3fd7afecdb556c50c9e8de78 -> 
  custom:audio-decoder-ogg-vorbis: bf7c407c2cedff20999df2af8eb42d56 -> 
========================================================================
Received Import Request.
  Time since last request: 112.651984 seconds.
  path: Assets/TextMesh Pro
  artifactKey: Guid(f54d1bd14bd3ca042bd867b519fee8cc) Importer(815301076,1909f56bfc062723c751e8b465ee728b)
Start importing Assets/TextMesh Pro using Guid(f54d1bd14bd3ca042bd867b519fee8cc) Importer(815301076,1909f56bfc062723c751e8b465ee728b)  -> (artifact id: 'f5648c5ef36b7beab651a001a8d08867') in 0.011463 seconds 
========================================================================
Received Prepare
Registering precompiled user dll's ...
Registered in 0.005218 seconds.
Begin MonoManager ReloadAssembly
Symbol file LoadedFromMemory doesn't match image D:\University\V semester\SFI-II\WEM_23\SFI\Library\PackageCache\com.unity.visualscripting@1.8.0\Editor\VisualScripting.Core\Dependencies\YamlDotNet\Unity.VisualScripting.YamlDotNet.dll
Symbol file LoadedFromMemory doesn't match image D:\University\V semester\SFI-II\WEM_23\SFI\Library\PackageCache\com.unity.visualscripting@1.8.0\Editor\VisualScripting.Core\Dependencies\DotNetZip\Unity.VisualScripting.IonicZip.dll
Native extension for WindowsStandalone target not found
Refreshing native plugins compatible for Editor in 0.66 ms, found 4 plugins.
Preloading 0 native plugins for Editor in 0.00 ms.
Mono: successfully reloaded assembly
- Completed reload, in  0.895 seconds
Domain Reload Profiling:
	ReloadAssembly (896ms)
		BeginReloadAssembly (129ms)
			ExecutionOrderSort (0ms)
			DisableScriptedObjects (5ms)
			BackupInstance (0ms)
			ReleaseScriptingObjects (0ms)
			CreateAndSetChildDomain (36ms)
		EndReloadAssembly (669ms)
			LoadAssemblies (88ms)
			RebuildTransferFunctionScriptingTraits (0ms)
			SetupTypeCache (240ms)
			ReleaseScriptCaches (1ms)
			RebuildScriptCaches (36ms)
			SetupLoadedEditorAssemblies (274ms)
				LogAssemblyErrors (0ms)
				InitializePlatformSupportModulesInManaged (12ms)
				SetLoadedEditorAssemblies (0ms)
				RefreshPlugins (1ms)
				BeforeProcessingInitializeOnLoad (57ms)
				ProcessInitializeOnLoadAttributes (181ms)
				ProcessInitializeOnLoadMethodAttributes (17ms)
				AfterProcessingInitializeOnLoad (6ms)
				EditorAssembliesLoaded (0ms)
			ExecutionOrderSort2 (0ms)
			AwakeInstancesAfterBackupRestoration (7ms)
Platform modules already initialized, skipping
Refreshing native plugins compatible for Editor in 1.90 ms, found 4 plugins.
Preloading 0 native plugins for Editor in 0.00 ms.
Unloading 3435 Unused Serialized files (Serialized files now loaded: 0)
Unloading 24 unused Assets / (81.0 KB). Loaded Objects now: 3969.
Memory consumption went from 139.5 MB to 139.4 MB.
Total: 3.633200 ms (FindLiveObjects: 0.325300 ms CreateObjectMapping: 0.089800 ms MarkObjects: 3.105500 ms  DeleteObjects: 0.110700 ms)

AssetImportParameters requested are different than current active one (requested -> active):
  custom:video-decoder-ogg-theora: a1e56fd34408186e4bbccfd4996cb3dc -> 
  custom:container-muxer-webm: aa71ff27fc2769a1b78a27578f13a17b -> 
  custom:container-demuxer-webm: 4f35f7cbe854078d1ac9338744f61a02 -> 
  custom:video-encoder-webm-vp8: eb34c28f22e8b96e1ab97ce403110664 -> 
  custom:audio-encoder-webm-vorbis: bf7c407c2cedff20999df2af8eb42d56 -> 
  custom:framework-win-MediaFoundation: 216162199b28c13a410421893ffa2e32 -> 
  custom:container-demuxer-ogg: 62fdf1f143b41e24485cea50d1cbac27 -> 
  custom:video-decoder-webm-vp8: 9c59270c3fd7afecdb556c50c9e8de78 -> 
  custom:audio-decoder-ogg-vorbis: bf7c407c2cedff20999df2af8eb42d56 -> 
========================================================================
Received Prepare
Registering precompiled user dll's ...
Registered in 0.005291 seconds.
Begin MonoManager ReloadAssembly
Symbol file LoadedFromMemory doesn't match image D:\University\V semester\SFI-II\WEM_23\SFI\Library\PackageCache\com.unity.visualscripting@1.8.0\Editor\VisualScripting.Core\Dependencies\YamlDotNet\Unity.VisualScripting.YamlDotNet.dll
Symbol file LoadedFromMemory doesn't match image D:\University\V semester\SFI-II\WEM_23\SFI\Library\PackageCache\com.unity.visualscripting@1.8.0\Editor\VisualScripting.Core\Dependencies\DotNetZip\Unity.VisualScripting.IonicZip.dll
Native extension for WindowsStandalone target not found
Refreshing native plugins compatible for Editor in 0.63 ms, found 4 plugins.
Preloading 0 native plugins for Editor in 0.00 ms.
Mono: successfully reloaded assembly
- Completed reload, in  0.889 seconds
Domain Reload Profiling:
	ReloadAssembly (890ms)
		BeginReloadAssembly (122ms)
			ExecutionOrderSort (0ms)
			DisableScriptedObjects (5ms)
			BackupInstance (0ms)
			ReleaseScriptingObjects (0ms)
			CreateAndSetChildDomain (30ms)
		EndReloadAssembly (680ms)
			LoadAssemblies (85ms)
			RebuildTransferFunctionScriptingTraits (0ms)
			SetupTypeCache (257ms)
			ReleaseScriptCaches (1ms)
			RebuildScriptCaches (35ms)
			SetupLoadedEditorAssemblies (270ms)
				LogAssemblyErrors (0ms)
				InitializePlatformSupportModulesInManaged (12ms)
				SetLoadedEditorAssemblies (0ms)
				RefreshPlugins (1ms)
				BeforeProcessingInitializeOnLoad (58ms)
				ProcessInitializeOnLoadAttributes (174ms)
				ProcessInitializeOnLoadMethodAttributes (16ms)
				AfterProcessingInitializeOnLoad (8ms)
				EditorAssembliesLoaded (0ms)
			ExecutionOrderSort2 (0ms)
			AwakeInstancesAfterBackupRestoration (5ms)
Platform modules already initialized, skipping
Refreshing native plugins compatible for Editor in 2.08 ms, found 4 plugins.
Preloading 0 native plugins for Editor in 0.00 ms.
Unloading 3462 Unused Serialized files (Serialized files now loaded: 0)
Unloading 25 unused Assets / (106.2 KB). Loaded Objects now: 3997.
Memory consumption went from 140.2 MB to 140.1 MB.
Total: 3.457800 ms (FindLiveObjects: 0.362600 ms CreateObjectMapping: 0.164900 ms MarkObjects: 2.806000 ms  DeleteObjects: 0.122400 ms)

AssetImportParameters requested are different than current active one (requested -> active):
  custom:video-decoder-ogg-theora: a1e56fd34408186e4bbccfd4996cb3dc -> 
  custom:container-muxer-webm: aa71ff27fc2769a1b78a27578f13a17b -> 
  custom:container-demuxer-webm: 4f35f7cbe854078d1ac9338744f61a02 -> 
  custom:video-encoder-webm-vp8: eb34c28f22e8b96e1ab97ce403110664 -> 
  custom:audio-encoder-webm-vorbis: bf7c407c2cedff20999df2af8eb42d56 -> 
  custom:framework-win-MediaFoundation: 216162199b28c13a410421893ffa2e32 -> 
  custom:container-demuxer-ogg: 62fdf1f143b41e24485cea50d1cbac27 -> 
  custom:video-decoder-webm-vp8: 9c59270c3fd7afecdb556c50c9e8de78 -> 
  custom:audio-decoder-ogg-vorbis: bf7c407c2cedff20999df2af8eb42d56 -> 
========================================================================
Received Import Request.
  Time since last request: 137.180710 seconds.
  path: Assets/Scenes/Explanation.prefab
  artifactKey: Guid(73c3b79b47b1ef24cb59280709ee8e49) Importer(815301076,1909f56bfc062723c751e8b465ee728b)
Start importing Assets/Scenes/Explanation.prefab using Guid(73c3b79b47b1ef24cb59280709ee8e49) Importer(815301076,1909f56bfc062723c751e8b465ee728b)  -> (artifact id: '90f89a14681c1d1ca224b63417f4c5f7') in 0.080713 seconds 
========================================================================
Received Import Request.
  Time since last request: 0.000039 seconds.
  path: Assets/Scenes/Hand Examples.prefab
  artifactKey: Guid(2791fcfcb8a351242bd4c2a2ee4dc91d) Importer(815301076,1909f56bfc062723c751e8b465ee728b)
Start importing Assets/Scenes/Hand Examples.prefab using Guid(2791fcfcb8a351242bd4c2a2ee4dc91d) Importer(815301076,1909f56bfc062723c751e8b465ee728b)  -> (artifact id: '52b57c01fadbce4e05c03a17bff6d361') in 0.008051 seconds 
========================================================================
Received Import Request.
  Time since last request: 13.230683 seconds.
  path: Assets/Scenes/Service Provider (Desktop).prefab
  artifactKey: Guid(816a646d7719f294b83b67e34900a533) Importer(815301076,1909f56bfc062723c751e8b465ee728b)
Start importing Assets/Scenes/Service Provider (Desktop).prefab using Guid(816a646d7719f294b83b67e34900a533) Importer(815301076,1909f56bfc062723c751e8b465ee728b)  -> (artifact id: '3108355f4473117819466924d425f0f0') in 0.002435 seconds 
========================================================================
Received Import Request.
  Time since last request: 27.527065 seconds.
  path: Assets/ThirdParty/Ultraleap/Tracking/Examples/Example Assets/Prefabs/Example Assets.prefab
  artifactKey: Guid(8801e643e53a19d488f5168057473354) Importer(815301076,1909f56bfc062723c751e8b465ee728b)
Start importing Assets/ThirdParty/Ultraleap/Tracking/Examples/Example Assets/Prefabs/Example Assets.prefab using Guid(8801e643e53a19d488f5168057473354) Importer(815301076,1909f56bfc062723c751e8b465ee728b)  -> (artifact id: '29281822b833cf425ef77a8e4b4c3913') in 0.093307 seconds 
========================================================================
Received Import Request.
  Time since last request: 0.000036 seconds.
  path: Assets/ThirdParty/Ultraleap/Tracking/Examples/Interaction Engine Examples/Common Example Assets/Materials/IE Example Anchor Blue.mat
  artifactKey: Guid(668490d1e2537624c99ab58447146100) Importer(815301076,1909f56bfc062723c751e8b465ee728b)
Start importing Assets/ThirdParty/Ultraleap/Tracking/Examples/Interaction Engine Examples/Common Example Assets/Materials/IE Example Anchor Blue.mat using Guid(668490d1e2537624c99ab58447146100) Importer(815301076,1909f56bfc062723c751e8b465ee728b)  -> (artifact id: 'a139ed7678f9e6fbc7ffe1fa0f6615d9') in 0.031391 seconds 
========================================================================
Received Import Request.
  Time since last request: 0.000036 seconds.
  path: Assets/ThirdParty/Ultraleap/Tracking/Examples/Interaction Engine Examples/6. Dynamic UI/Materials/IE Example Button Top Blue.mat
  artifactKey: Guid(cc811fdfe128d1645a49b0bed5b1cf28) Importer(815301076,1909f56bfc062723c751e8b465ee728b)
Start importing Assets/ThirdParty/Ultraleap/Tracking/Examples/Interaction Engine Examples/6. Dynamic UI/Materials/IE Example Button Top Blue.mat using Guid(cc811fdfe128d1645a49b0bed5b1cf28) Importer(815301076,1909f56bfc062723c751e8b465ee728b)  -> (artifact id: '7bb8f69f57aa838381df11aebeeebe65') in 0.014460 seconds 
========================================================================
Received Import Request.
  Time since last request: 0.000023 seconds.
  path: Assets/ThirdParty/Ultraleap/Tracking/Examples/Interaction Engine Examples/Common Example Assets/Materials/IE Example Dark Matte.mat
  artifactKey: Guid(cb707237b19198f4bbc0381c5c11da15) Importer(815301076,1909f56bfc062723c751e8b465ee728b)
Start importing Assets/ThirdParty/Ultraleap/Tracking/Examples/Interaction Engine Examples/Common Example Assets/Materials/IE Example Dark Matte.mat using Guid(cb707237b19198f4bbc0381c5c11da15) Importer(815301076,1909f56bfc062723c751e8b465ee728b)  -> (artifact id: 'd22c8f93baf7e640a52382b5cfffe9b3') in 0.015226 seconds 
========================================================================
Received Import Request.
  Time since last request: 0.000035 seconds.
  path: Assets/ThirdParty/Ultraleap/Tracking/Examples/Interaction Engine Examples/Common Example Assets/Materials/IE Example Anchor Red.mat
  artifactKey: Guid(7b8e8fb53123e87458def40ee25598ae) Importer(815301076,1909f56bfc062723c751e8b465ee728b)
Start importing Assets/ThirdParty/Ultraleap/Tracking/Examples/Interaction Engine Examples/Common Example Assets/Materials/IE Example Anchor Red.mat using Guid(7b8e8fb53123e87458def40ee25598ae) Importer(815301076,1909f56bfc062723c751e8b465ee728b)  -> (artifact id: '9ccccf64adcc61d4db1e98bb68a385d6') in 0.013919 seconds 
========================================================================
Received Import Request.
  Time since last request: 0.000038 seconds.
  path: Assets/ThirdParty/Ultraleap/Tracking/Examples/Interaction Engine Examples/7. Moving Reference Frames/Materials/IE Example 7 Ship Light.mat
  artifactKey: Guid(86a6445786a72a541aadfe4b33ace47a) Importer(815301076,1909f56bfc062723c751e8b465ee728b)
Start importing Assets/ThirdParty/Ultraleap/Tracking/Examples/Interaction Engine Examples/7. Moving Reference Frames/Materials/IE Example 7 Ship Light.mat using Guid(86a6445786a72a541aadfe4b33ace47a) Importer(815301076,1909f56bfc062723c751e8b465ee728b)  -> (artifact id: 'ae7c3809f9a6e62fd76f4810954cbd35') in 0.017801 seconds 
========================================================================
Received Import Request.
  Time since last request: 0.000022 seconds.
  path: Assets/ThirdParty/Ultraleap/Tracking/Examples/Interaction Engine Examples/6. Dynamic UI/Materials/IE Example Button Top Magenta.mat
  artifactKey: Guid(c3668e6cfed1245449b1c77a171b328a) Importer(815301076,1909f56bfc062723c751e8b465ee728b)
Start importing Assets/ThirdParty/Ultraleap/Tracking/Examples/Interaction Engine Examples/6. Dynamic UI/Materials/IE Example Button Top Magenta.mat using Guid(c3668e6cfed1245449b1c77a171b328a) Importer(815301076,1909f56bfc062723c751e8b465ee728b)  -> (artifact id: '1e76ec69c9289b0aa42c5fb6b9506fd1') in 0.014997 seconds 
========================================================================
Received Import Request.
  Time since last request: 0.000024 seconds.
  path: Assets/ThirdParty/Ultraleap/Tracking/Examples/Interaction Engine Examples/7. Moving Reference Frames/Materials/IE Example 7 Linear Reference.mat
  artifactKey: Guid(d4fa32da6d5945d40af0324afdd7d83f) Importer(815301076,1909f56bfc062723c751e8b465ee728b)
Start importing Assets/ThirdParty/Ultraleap/Tracking/Examples/Interaction Engine Examples/7. Moving Reference Frames/Materials/IE Example 7 Linear Reference.mat using Guid(d4fa32da6d5945d40af0324afdd7d83f) Importer(815301076,1909f56bfc062723c751e8b465ee728b)  -> (artifact id: '32f50a3a9f3a5757bf94d2fb7436eb51') in 0.014059 seconds 
========================================================================
Received Import Request.
  Time since last request: 0.000025 seconds.
  path: Assets/ThirdParty/Ultraleap/Tracking/Examples/Example Assets/Scripts/ExampleSceneGUISKIN.guiskin
  artifactKey: Guid(55acdabb497cedb4aa8afc67c8d7fae2) Importer(815301076,1909f56bfc062723c751e8b465ee728b)
Start importing Assets/ThirdParty/Ultraleap/Tracking/Examples/Example Assets/Scripts/ExampleSceneGUISKIN.guiskin using Guid(55acdabb497cedb4aa8afc67c8d7fae2) Importer(815301076,1909f56bfc062723c751e8b465ee728b)  -> (artifact id: '676581252543642bcb4938fbc75c7608') in 0.012127 seconds 
========================================================================
Received Import Request.
  Time since last request: 0.000026 seconds.
  path: Assets/ThirdParty/Ultraleap/Tracking/Examples/Interaction Engine Examples/Common Example Assets/Materials/IE Example Gray Matte.mat
  artifactKey: Guid(8eca0b31e096dbb4e9ec168e385043a9) Importer(815301076,1909f56bfc062723c751e8b465ee728b)
Start importing Assets/ThirdParty/Ultraleap/Tracking/Examples/Interaction Engine Examples/Common Example Assets/Materials/IE Example Gray Matte.mat using Guid(8eca0b31e096dbb4e9ec168e385043a9) Importer(815301076,1909f56bfc062723c751e8b465ee728b)  -> (artifact id: 'd93f7a842e5c57ee52ab936e58de49fc') in 0.015532 seconds 
========================================================================
Received Import Request.
  Time since last request: 0.000026 seconds.
  path: Assets/ThirdParty/Ultraleap/Tracking/Examples/Interaction Engine Examples/6. Dynamic UI/Materials/IE Example Button Blue.mat
  artifactKey: Guid(2b0b0f5d22d773a439b6e3f7f0f0db48) Importer(815301076,1909f56bfc062723c751e8b465ee728b)
Start importing Assets/ThirdParty/Ultraleap/Tracking/Examples/Interaction Engine Examples/6. Dynamic UI/Materials/IE Example Button Blue.mat using Guid(2b0b0f5d22d773a439b6e3f7f0f0db48) Importer(815301076,1909f56bfc062723c751e8b465ee728b)  -> (artifact id: 'f6b41552f4c52e02ff52d238e68665b1') in 0.016952 seconds 
========================================================================
Received Import Request.
  Time since last request: 0.000025 seconds.
  path: Assets/ThirdParty/Ultraleap/Tracking/Examples/Hands Examples/Hands (URP)/Prefabs/Hands Examples URP.prefab
  artifactKey: Guid(c55930d782899a54b8a075356072bed6) Importer(815301076,1909f56bfc062723c751e8b465ee728b)
Start importing Assets/ThirdParty/Ultraleap/Tracking/Examples/Hands Examples/Hands (URP)/Prefabs/Hands Examples URP.prefab using Guid(c55930d782899a54b8a075356072bed6) Importer(815301076,1909f56bfc062723c751e8b465ee728b)  -> (artifact id: '359ce1e85fb782eb728617c4e669461c') in 0.007815 seconds 
========================================================================
Received Import Request.
  Time since last request: 0.000027 seconds.
  path: Assets/ThirdParty/Ultraleap/Tracking/Examples/Interaction Engine Examples/6. Dynamic UI/Materials/IE Example Button Magenta.mat
  artifactKey: Guid(69b1643ce1326a54eb20c5022c2482ad) Importer(815301076,1909f56bfc062723c751e8b465ee728b)
Start importing Assets/ThirdParty/Ultraleap/Tracking/Examples/Interaction Engine Examples/6. Dynamic UI/Materials/IE Example Button Magenta.mat using Guid(69b1643ce1326a54eb20c5022c2482ad) Importer(815301076,1909f56bfc062723c751e8b465ee728b)  -> (artifact id: 'ce49f48299ac429547e098115ec83673') in 0.016385 seconds 
========================================================================
Received Import Request.
  Time since last request: 0.000037 seconds.
  path: Assets/ThirdParty/Ultraleap/Tracking/Examples/Interaction Engine Examples/7. Moving Reference Frames/Materials/IE Example 7 Ship Hull.mat
  artifactKey: Guid(65931aeabdda990478006d61615bed18) Importer(815301076,1909f56bfc062723c751e8b465ee728b)
Start importing Assets/ThirdParty/Ultraleap/Tracking/Examples/Interaction Engine Examples/7. Moving Reference Frames/Materials/IE Example 7 Ship Hull.mat using Guid(65931aeabdda990478006d61615bed18) Importer(815301076,1909f56bfc062723c751e8b465ee728b)  -> (artifact id: 'fd5b6bc2df79b4cb4309aa86c02b74be') in 0.013690 seconds 
========================================================================
Received Import Request.
  Time since last request: 20.703383 seconds.
  path: Packages/com.unity.collab-proxy/Editor/PlasticSCM/Assets/Images/d_expertbuhoshe.png
  artifactKey: Guid(8325d4ef0a6eb3d43952aff8a06d9f45) Importer(815301076,1909f56bfc062723c751e8b465ee728b)
Start importing Packages/com.unity.collab-proxy/Editor/PlasticSCM/Assets/Images/d_expertbuhoshe.png using Guid(8325d4ef0a6eb3d43952aff8a06d9f45) Importer(815301076,1909f56bfc062723c751e8b465ee728b)  -> (artifact id: '868e657622d9c0092f4fa202db7c4414') in 0.177702 seconds 
Editor requested this worker to shutdown with reason: Scaling down because of idle timeout
AssetImportWorker is now disconnected from the server
Process exiting
Exiting without the bug reporter. Application will terminate with return code 0