Using pre-set license
Built from '2021.3/staging' branch; Version is '2021.3.18f1 (3129e69bc0c7) revision 3221990'; Using compiler version '192829333'; Build Type 'Release'
OS: 'Windows 11  (10.0.22621) 64bit Core' Language: 'en' Physical Memory: 15741 MB
BatchMode: 1, IsHumanControllingUs: 0, StartBugReporterOnCrash: 0, Is64bit: 1, IsPro: 1

COMMAND LINE ARGUMENTS:
C:\Program Files\Unity\Hub\Editor\2021.3.18f1\Editor\Unity.exe
-adb2
-batchMode
-noUpm
-name
AssetImportWorker0
-projectPath
D:/University/V semester/SFI-II/WEM_23/SFI
-logFile
Logs/AssetImportWorker0.log
-srvPort
3867
Successfully changed project path to: D:/University/V semester/SFI-II/WEM_23/SFI
D:/University/V semester/SFI-II/WEM_23/SFI
[UnityMemory] Configuration Parameters - Can be set up in boot.config
    "memorysetup-bucket-allocator-granularity=16"
    "memorysetup-bucket-allocator-bucket-count=8"
    "memorysetup-bucket-allocator-block-size=33554432"
    "memorysetup-bucket-allocator-block-count=8"
    "memorysetup-main-allocator-block-size=16777216"
    "memorysetup-thread-allocator-block-size=16777216"
    "memorysetup-gfx-main-allocator-block-size=16777216"
    "memorysetup-gfx-thread-allocator-block-size=16777216"
    "memorysetup-cache-allocator-block-size=4194304"
    "memorysetup-typetree-allocator-block-size=2097152"
    "memorysetup-profiler-bucket-allocator-granularity=16"
    "memorysetup-profiler-bucket-allocator-bucket-count=8"
    "memorysetup-profiler-bucket-allocator-block-size=33554432"
    "memorysetup-profiler-bucket-allocator-block-count=8"
    "memorysetup-profiler-allocator-block-size=16777216"
    "memorysetup-profiler-editor-allocator-block-size=1048576"
    "memorysetup-temp-allocator-size-main=16777216"
    "memorysetup-job-temp-allocator-block-size=2097152"
    "memorysetup-job-temp-allocator-block-size-background=1048576"
    "memorysetup-job-temp-allocator-reduction-small-platforms=262144"
    "memorysetup-temp-allocator-size-background-worker=32768"
    "memorysetup-temp-allocator-size-job-worker=262144"
    "memorysetup-temp-allocator-size-preload-manager=33554432"
    "memorysetup-temp-allocator-size-nav-mesh-worker=65536"
    "memorysetup-temp-allocator-size-audio-worker=65536"
    "memorysetup-temp-allocator-size-cloud-worker=32768"
    "memorysetup-temp-allocator-size-gi-baking-worker=262144"
    "memorysetup-temp-allocator-size-gfx=262144"
Player connection [24528] Host "[IP] 10.8.183.230 [Port] 0 [Flags] 2 [Guid] 386192709 [EditorId] 386192709 [Version] 1048832 [Id] WindowsEditor(7,Kayre) [Debug] 1 [PackageName] WindowsEditor [ProjectName] Editor" joined multi-casting on [225.0.0.222:54997]...

Player connection [24528] Host "[IP] 10.8.183.230 [Port] 0 [Flags] 2 [Guid] 386192709 [EditorId] 386192709 [Version] 1048832 [Id] WindowsEditor(7,Kayre) [Debug] 1 [PackageName] WindowsEditor [ProjectName] Editor" joined alternative multi-casting on [225.0.0.222:34997]...

Refreshing native plugins compatible for Editor in 104.78 ms, found 3 plugins.
Preloading 0 native plugins for Editor in 0.00 ms.
Initialize engine version: 2021.3.18f1 (3129e69bc0c7)
[Subsystems] Discovering subsystems at path C:/Program Files/Unity/Hub/Editor/2021.3.18f1/Editor/Data/Resources/UnitySubsystems
[Subsystems] Discovering subsystems at path D:/University/V semester/SFI-II/WEM_23/SFI/Assets
GfxDevice: creating device client; threaded=0; jobified=0
Direct3D:
    Version:  Direct3D 11.0 [level 11.1]
    Renderer: NVIDIA GeForce GTX 1660 Ti (ID=0x2191)
    Vendor:   NVIDIA
    VRAM:     5991 MB
    Driver:   31.0.15.1659
Initialize mono
Mono path[0] = 'C:/Program Files/Unity/Hub/Editor/2021.3.18f1/Editor/Data/Managed'
Mono path[1] = 'C:/Program Files/Unity/Hub/Editor/2021.3.18f1/Editor/Data/MonoBleedingEdge/lib/mono/unityjit-win32'
Mono config path = 'C:/Program Files/Unity/Hub/Editor/2021.3.18f1/Editor/Data/MonoBleedingEdge/etc'
Using monoOptions --debugger-agent=transport=dt_socket,embedding=1,server=y,suspend=n,address=127.0.0.1:56512
Begin MonoManager ReloadAssembly
Registering precompiled unity dll's ...
Register platform support module: C:/Program Files/Unity/Hub/Editor/2021.3.18f1/Editor/Data/PlaybackEngines/WindowsStandaloneSupport/UnityEditor.WindowsStandalone.Extensions.dll
Registered in 0.004114 seconds.
Native extension for WindowsStandalone target not found
Refreshing native plugins compatible for Editor in 92.44 ms, found 3 plugins.
Preloading 0 native plugins for Editor in 0.00 ms.
Mono: successfully reloaded assembly
- Completed reload, in  0.767 seconds
Domain Reload Profiling:
	ReloadAssembly (768ms)
		BeginReloadAssembly (126ms)
			ExecutionOrderSort (0ms)
			DisableScriptedObjects (0ms)
			BackupInstance (0ms)
			ReleaseScriptingObjects (0ms)
			CreateAndSetChildDomain (1ms)
		EndReloadAssembly (517ms)
			LoadAssemblies (124ms)
			RebuildTransferFunctionScriptingTraits (0ms)
			SetupTypeCache (127ms)
			ReleaseScriptCaches (0ms)
			RebuildScriptCaches (34ms)
			SetupLoadedEditorAssemblies (300ms)
				LogAssemblyErrors (0ms)
				InitializePlatformSupportModulesInManaged (9ms)
				SetLoadedEditorAssemblies (0ms)
				RefreshPlugins (93ms)
				BeforeProcessingInitializeOnLoad (2ms)
				ProcessInitializeOnLoadAttributes (143ms)
				ProcessInitializeOnLoadMethodAttributes (54ms)
				AfterProcessingInitializeOnLoad (0ms)
				EditorAssembliesLoaded (0ms)
			ExecutionOrderSort2 (0ms)
			AwakeInstancesAfterBackupRestoration (0ms)
Platform modules already initialized, skipping
Registering precompiled user dll's ...
Registered in 0.005331 seconds.
Begin MonoManager ReloadAssembly
Symbol file LoadedFromMemory doesn't match image D:\University\V semester\SFI-II\WEM_23\SFI\Library\PackageCache\com.unity.visualscripting@1.8.0\Editor\VisualScripting.Core\Dependencies\YamlDotNet\Unity.VisualScripting.YamlDotNet.dll
Symbol file LoadedFromMemory doesn't match image D:\University\V semester\SFI-II\WEM_23\SFI\Library\PackageCache\com.unity.visualscripting@1.8.0\Editor\VisualScripting.Core\Dependencies\DotNetZip\Unity.VisualScripting.IonicZip.dll
Native extension for WindowsStandalone target not found
Refreshing native plugins compatible for Editor in 1.11 ms, found 3 plugins.
Preloading 0 native plugins for Editor in 0.00 ms.
Mono: successfully reloaded assembly
- Completed reload, in  1.797 seconds
Domain Reload Profiling:
	ReloadAssembly (1799ms)
		BeginReloadAssembly (286ms)
			ExecutionOrderSort (0ms)
			DisableScriptedObjects (12ms)
			BackupInstance (0ms)
			ReleaseScriptingObjects (0ms)
			CreateAndSetChildDomain (49ms)
		EndReloadAssembly (1330ms)
			LoadAssemblies (204ms)
			RebuildTransferFunctionScriptingTraits (0ms)
			SetupTypeCache (465ms)
			ReleaseScriptCaches (1ms)
			RebuildScriptCaches (75ms)
			SetupLoadedEditorAssemblies (576ms)
				LogAssemblyErrors (0ms)
				InitializePlatformSupportModulesInManaged (16ms)
				SetLoadedEditorAssemblies (1ms)
				RefreshPlugins (1ms)
				BeforeProcessingInitializeOnLoad (101ms)
				ProcessInitializeOnLoadAttributes (393ms)
				ProcessInitializeOnLoadMethodAttributes (52ms)
				AfterProcessingInitializeOnLoad (12ms)
				EditorAssembliesLoaded (0ms)
			ExecutionOrderSort2 (0ms)
			AwakeInstancesAfterBackupRestoration (10ms)
Platform modules already initialized, skipping
========================================================================
Worker process is ready to serve import requests
Launched and connected shader compiler UnityShaderCompiler.exe after 0.11 seconds
Refreshing native plugins compatible for Editor in 1.21 ms, found 3 plugins.
Preloading 0 native plugins for Editor in 0.00 ms.
Unloading 3098 Unused Serialized files (Serialized files now loaded: 0)
Unloading 28 unused Assets / (113.4 KB). Loaded Objects now: 3555.
Memory consumption went from 108.9 MB to 108.8 MB.
Total: 5.694900 ms (FindLiveObjects: 0.474800 ms CreateObjectMapping: 0.377800 ms MarkObjects: 4.613700 ms  DeleteObjects: 0.226900 ms)

AssetImportParameters requested are different than current active one (requested -> active):
  custom:video-decoder-ogg-theora: a1e56fd34408186e4bbccfd4996cb3dc -> 
  custom:container-muxer-webm: aa71ff27fc2769a1b78a27578f13a17b -> 
  custom:container-demuxer-webm: 4f35f7cbe854078d1ac9338744f61a02 -> 
  custom:video-encoder-webm-vp8: eb34c28f22e8b96e1ab97ce403110664 -> 
  custom:audio-encoder-webm-vorbis: bf7c407c2cedff20999df2af8eb42d56 -> 
  custom:framework-win-MediaFoundation: 216162199b28c13a410421893ffa2e32 -> 
  custom:container-demuxer-ogg: 62fdf1f143b41e24485cea50d1cbac27 -> 
  custom:video-decoder-webm-vp8: 9c59270c3fd7afecdb556c50c9e8de78 -> 
  custom:audio-decoder-ogg-vorbis: bf7c407c2cedff20999df2af8eb42d56 -> 
========================================================================
Received Import Request.
  Time since last request: 434920.269388 seconds.
  path: Assets/Scripts/BtnEvent.cs
  artifactKey: Guid(4f457675e9bc4d44786e21f1dcf11877) Importer(815301076,1909f56bfc062723c751e8b465ee728b)
Start importing Assets/Scripts/BtnEvent.cs using Guid(4f457675e9bc4d44786e21f1dcf11877) Importer(815301076,1909f56bfc062723c751e8b465ee728b)  -> (artifact id: 'd7976b8f753377eb7d9f1e2c01081c9b') in 0.053202 seconds 
========================================================================
Received Import Request.
  Time since last request: 249.719331 seconds.
  path: Assets/NewBehaviourScript.cs
  artifactKey: Guid(5570556100a90df4094b238acfd19a4a) Importer(815301076,1909f56bfc062723c751e8b465ee728b)
Start importing Assets/NewBehaviourScript.cs using Guid(5570556100a90df4094b238acfd19a4a) Importer(815301076,1909f56bfc062723c751e8b465ee728b)  -> (artifact id: '87d20600bbe1dfc38b43cb22ba95c204') in 0.006073 seconds 
========================================================================
Received Prepare
Registering precompiled user dll's ...
Registered in 0.003770 seconds.
Begin MonoManager ReloadAssembly
Symbol file LoadedFromMemory doesn't match image D:\University\V semester\SFI-II\WEM_23\SFI\Library\PackageCache\com.unity.visualscripting@1.8.0\Editor\VisualScripting.Core\Dependencies\YamlDotNet\Unity.VisualScripting.YamlDotNet.dll
Symbol file LoadedFromMemory doesn't match image D:\University\V semester\SFI-II\WEM_23\SFI\Library\PackageCache\com.unity.visualscripting@1.8.0\Editor\VisualScripting.Core\Dependencies\DotNetZip\Unity.VisualScripting.IonicZip.dll
Native extension for WindowsStandalone target not found
Refreshing native plugins compatible for Editor in 0.77 ms, found 3 plugins.
Preloading 0 native plugins for Editor in 0.00 ms.
Mono: successfully reloaded assembly
- Completed reload, in  1.042 seconds
Domain Reload Profiling:
	ReloadAssembly (1043ms)
		BeginReloadAssembly (165ms)
			ExecutionOrderSort (0ms)
			DisableScriptedObjects (8ms)
			BackupInstance (0ms)
			ReleaseScriptingObjects (0ms)
			CreateAndSetChildDomain (34ms)
		EndReloadAssembly (776ms)
			LoadAssemblies (118ms)
			RebuildTransferFunctionScriptingTraits (0ms)
			SetupTypeCache (308ms)
			ReleaseScriptCaches (1ms)
			RebuildScriptCaches (44ms)
			SetupLoadedEditorAssemblies (286ms)
				LogAssemblyErrors (0ms)
				InitializePlatformSupportModulesInManaged (13ms)
				SetLoadedEditorAssemblies (0ms)
				RefreshPlugins (1ms)
				BeforeProcessingInitializeOnLoad (62ms)
				ProcessInitializeOnLoadAttributes (183ms)
				ProcessInitializeOnLoadMethodAttributes (21ms)
				AfterProcessingInitializeOnLoad (6ms)
				EditorAssembliesLoaded (0ms)
			ExecutionOrderSort2 (0ms)
			AwakeInstancesAfterBackupRestoration (6ms)
Platform modules already initialized, skipping
Refreshing native plugins compatible for Editor in 2.06 ms, found 3 plugins.
Preloading 0 native plugins for Editor in 0.00 ms.
Unloading 3093 Unused Serialized files (Serialized files now loaded: 0)
Unloading 21 unused Assets / (79.9 KB). Loaded Objects now: 3558.
Memory consumption went from 108.8 MB to 108.7 MB.
Total: 3.166200 ms (FindLiveObjects: 0.342600 ms CreateObjectMapping: 0.151700 ms MarkObjects: 2.563200 ms  DeleteObjects: 0.106400 ms)

AssetImportParameters requested are different than current active one (requested -> active):
  custom:video-decoder-ogg-theora: a1e56fd34408186e4bbccfd4996cb3dc -> 
  custom:container-muxer-webm: aa71ff27fc2769a1b78a27578f13a17b -> 
  custom:container-demuxer-webm: 4f35f7cbe854078d1ac9338744f61a02 -> 
  custom:video-encoder-webm-vp8: eb34c28f22e8b96e1ab97ce403110664 -> 
  custom:audio-encoder-webm-vorbis: bf7c407c2cedff20999df2af8eb42d56 -> 
  custom:framework-win-MediaFoundation: 216162199b28c13a410421893ffa2e32 -> 
  custom:container-demuxer-ogg: 62fdf1f143b41e24485cea50d1cbac27 -> 
  custom:video-decoder-webm-vp8: 9c59270c3fd7afecdb556c50c9e8de78 -> 
  custom:audio-decoder-ogg-vorbis: bf7c407c2cedff20999df2af8eb42d56 -> 
========================================================================
Received Import Request.
  Time since last request: 26.749802 seconds.
  path: Assets/Instruments
  artifactKey: Guid(d345addd60d6a844cad9a0f51dd413a3) Importer(815301076,1909f56bfc062723c751e8b465ee728b)
Start importing Assets/Instruments using Guid(d345addd60d6a844cad9a0f51dd413a3) Importer(815301076,1909f56bfc062723c751e8b465ee728b)  -> (artifact id: '2c5da616588bf7125316480ee28d9c98') in 0.010589 seconds 
========================================================================
Received Prepare
Registering precompiled user dll's ...
Registered in 0.005919 seconds.
Begin MonoManager ReloadAssembly
Symbol file LoadedFromMemory doesn't match image D:\University\V semester\SFI-II\WEM_23\SFI\Library\PackageCache\com.unity.visualscripting@1.8.0\Editor\VisualScripting.Core\Dependencies\YamlDotNet\Unity.VisualScripting.YamlDotNet.dll
Symbol file LoadedFromMemory doesn't match image D:\University\V semester\SFI-II\WEM_23\SFI\Library\PackageCache\com.unity.visualscripting@1.8.0\Editor\VisualScripting.Core\Dependencies\DotNetZip\Unity.VisualScripting.IonicZip.dll
Native extension for WindowsStandalone target not found
Refreshing native plugins compatible for Editor in 0.74 ms, found 3 plugins.
Preloading 0 native plugins for Editor in 0.00 ms.
Mono: successfully reloaded assembly
- Completed reload, in  0.929 seconds
Domain Reload Profiling:
	ReloadAssembly (930ms)
		BeginReloadAssembly (138ms)
			ExecutionOrderSort (0ms)
			DisableScriptedObjects (7ms)
			BackupInstance (0ms)
			ReleaseScriptingObjects (0ms)
			CreateAndSetChildDomain (38ms)
		EndReloadAssembly (697ms)
			LoadAssemblies (82ms)
			RebuildTransferFunctionScriptingTraits (0ms)
			SetupTypeCache (250ms)
			ReleaseScriptCaches (1ms)
			RebuildScriptCaches (43ms)
			SetupLoadedEditorAssemblies (280ms)
				LogAssemblyErrors (0ms)
				InitializePlatformSupportModulesInManaged (12ms)
				SetLoadedEditorAssemblies (0ms)
				RefreshPlugins (1ms)
				BeforeProcessingInitializeOnLoad (61ms)
				ProcessInitializeOnLoadAttributes (181ms)
				ProcessInitializeOnLoadMethodAttributes (18ms)
				AfterProcessingInitializeOnLoad (5ms)
				EditorAssembliesLoaded (0ms)
			ExecutionOrderSort2 (0ms)
			AwakeInstancesAfterBackupRestoration (5ms)
Platform modules already initialized, skipping
Refreshing native plugins compatible for Editor in 1.82 ms, found 3 plugins.
Preloading 0 native plugins for Editor in 0.00 ms.
Unloading 3111 Unused Serialized files (Serialized files now loaded: 0)
Unloading 21 unused Assets / (79.8 KB). Loaded Objects now: 3579.
Memory consumption went from 109.2 MB to 109.2 MB.
Total: 3.774600 ms (FindLiveObjects: 0.234500 ms CreateObjectMapping: 0.077700 ms MarkObjects: 3.366600 ms  DeleteObjects: 0.094200 ms)

AssetImportParameters requested are different than current active one (requested -> active):
  custom:video-decoder-ogg-theora: a1e56fd34408186e4bbccfd4996cb3dc -> 
  custom:container-muxer-webm: aa71ff27fc2769a1b78a27578f13a17b -> 
  custom:container-demuxer-webm: 4f35f7cbe854078d1ac9338744f61a02 -> 
  custom:video-encoder-webm-vp8: eb34c28f22e8b96e1ab97ce403110664 -> 
  custom:audio-encoder-webm-vorbis: bf7c407c2cedff20999df2af8eb42d56 -> 
  custom:framework-win-MediaFoundation: 216162199b28c13a410421893ffa2e32 -> 
  custom:container-demuxer-ogg: 62fdf1f143b41e24485cea50d1cbac27 -> 
  custom:video-decoder-webm-vp8: 9c59270c3fd7afecdb556c50c9e8de78 -> 
  custom:audio-decoder-ogg-vorbis: bf7c407c2cedff20999df2af8eb42d56 -> 
========================================================================
Received Import Request.
  Time since last request: 30.583750 seconds.
  path: Assets/Instruments/Scenes
  artifactKey: Guid(ee98495626cc372428594988dfbba212) Importer(815301076,1909f56bfc062723c751e8b465ee728b)
Start importing Assets/Instruments/Scenes using Guid(ee98495626cc372428594988dfbba212) Importer(815301076,1909f56bfc062723c751e8b465ee728b)  -> (artifact id: '8f1ed2662219e7708edb6ef799ad2cd2') in 0.010782 seconds 
========================================================================
Received Import Request.
  Time since last request: 8.390484 seconds.
  path: Assets/Instruments/Material
  artifactKey: Guid(98d8a0dbad33cfa41837906e0dde1c1c) Importer(815301076,1909f56bfc062723c751e8b465ee728b)
Start importing Assets/Instruments/Material using Guid(98d8a0dbad33cfa41837906e0dde1c1c) Importer(815301076,1909f56bfc062723c751e8b465ee728b)  -> (artifact id: 'c625cdcb9802b91b4712e18057fa5500') in 0.006394 seconds 
========================================================================
Received Import Request.
  Time since last request: 0.076764 seconds.
  path: Assets/Instruments/Material/Black_Key.mat
  artifactKey: Guid(b0438f7a69ba0644495d0c3b300f8269) Importer(815301076,1909f56bfc062723c751e8b465ee728b)
Start importing Assets/Instruments/Material/Black_Key.mat using Guid(b0438f7a69ba0644495d0c3b300f8269) Importer(815301076,1909f56bfc062723c751e8b465ee728b)  -> (artifact id: '65b1cf9adb28815860dec94a51108443') in 0.350520 seconds 
========================================================================
Received Import Request.
  Time since last request: 0.000022 seconds.
  path: Assets/Instruments/Material/Conga_Body.mat
  artifactKey: Guid(1853f550767b85c4684f492a2f815a8f) Importer(815301076,1909f56bfc062723c751e8b465ee728b)
Start importing Assets/Instruments/Material/Conga_Body.mat using Guid(1853f550767b85c4684f492a2f815a8f) Importer(815301076,1909f56bfc062723c751e8b465ee728b)  -> (artifact id: '9da7717490cd34aa036f9a47b63b5b00') in 0.042368 seconds 
========================================================================
Received Import Request.
  Time since last request: 0.000039 seconds.
  path: Assets/Instruments/Material/White_Key.mat
  artifactKey: Guid(a061c6faef7993941899e8a2c7cdee5b) Importer(815301076,1909f56bfc062723c751e8b465ee728b)
Start importing Assets/Instruments/Material/White_Key.mat using Guid(a061c6faef7993941899e8a2c7cdee5b) Importer(815301076,1909f56bfc062723c751e8b465ee728b)  -> (artifact id: '97992485489e43aa04d38b1304eb2c9c') in 0.016255 seconds 
========================================================================
Received Import Request.
  Time since last request: 1.216725 seconds.
  path: Assets/Instruments/Mesh
  artifactKey: Guid(b02edaec01d259148a4c214b0919c753) Importer(815301076,1909f56bfc062723c751e8b465ee728b)
Start importing Assets/Instruments/Mesh using Guid(b02edaec01d259148a4c214b0919c753) Importer(815301076,1909f56bfc062723c751e8b465ee728b)  -> (artifact id: 'b37930525bf7c99ff1cc13ad4caca048') in 0.006343 seconds 
========================================================================
Received Import Request.
  Time since last request: 0.103484 seconds.
  path: Assets/Instruments/Mesh/Conga.fbx
  artifactKey: Guid(82f862464f7dd6b4980b8e69597a83e5) Importer(815301076,1909f56bfc062723c751e8b465ee728b)
Start importing Assets/Instruments/Mesh/Conga.fbx using Guid(82f862464f7dd6b4980b8e69597a83e5) Importer(815301076,1909f56bfc062723c751e8b465ee728b)  -> (artifact id: 'df80c66b9c1153d5818b72e2fc4a38c7') in 0.238738 seconds 
========================================================================
Received Import Request.
  Time since last request: 2.632855 seconds.
  path: Assets/Instruments/Music_Notes/AS.wav
  artifactKey: Guid(fbea1bec0a709e54e9b53994c14c9291) Importer(815301076,1909f56bfc062723c751e8b465ee728b)
Start importing Assets/Instruments/Music_Notes/AS.wav using Guid(fbea1bec0a709e54e9b53994c14c9291) Importer(815301076,1909f56bfc062723c751e8b465ee728b)  -> (artifact id: '304d900843b1d6b83b17ff73a0386788') in 0.071892 seconds 
========================================================================
Received Import Request.
  Time since last request: 0.000036 seconds.
  path: Assets/Instruments/Music_Notes/E.wav
  artifactKey: Guid(b3d5fd606881cb54e92ae4ddf8949cb6) Importer(815301076,1909f56bfc062723c751e8b465ee728b)
Start importing Assets/Instruments/Music_Notes/E.wav using Guid(b3d5fd606881cb54e92ae4ddf8949cb6) Importer(815301076,1909f56bfc062723c751e8b465ee728b)  -> (artifact id: '51dfaf04e7577bd7fb40dd9178a7fd5d') in 0.023361 seconds 
========================================================================
Received Import Request.
  Time since last request: 0.000075 seconds.
  path: Assets/Instruments/Music_Notes/E1.wav
  artifactKey: Guid(ca4047d8130b23d4e95bfb92a4a19df8) Importer(815301076,1909f56bfc062723c751e8b465ee728b)
Start importing Assets/Instruments/Music_Notes/E1.wav using Guid(ca4047d8130b23d4e95bfb92a4a19df8) Importer(815301076,1909f56bfc062723c751e8b465ee728b)  -> (artifact id: '0e9b2f9b65d358076569d10910e1cd24') in 0.014658 seconds 
========================================================================
Received Import Request.
  Time since last request: 0.000036 seconds.
  path: Assets/Instruments/Music_Notes/F1.wav
  artifactKey: Guid(b79515e5f4679ec43bdddcd46c1e8016) Importer(815301076,1909f56bfc062723c751e8b465ee728b)
Start importing Assets/Instruments/Music_Notes/F1.wav using Guid(b79515e5f4679ec43bdddcd46c1e8016) Importer(815301076,1909f56bfc062723c751e8b465ee728b)  -> (artifact id: 'd61890aac69e9896350bf0afacc1d3cb') in 0.019398 seconds 
========================================================================
Received Import Request.
  Time since last request: 0.000036 seconds.
  path: Assets/Instruments/Music_Notes/F.wav
  artifactKey: Guid(7d3010164ec6de746adc6c3ac87486b8) Importer(815301076,1909f56bfc062723c751e8b465ee728b)
Start importing Assets/Instruments/Music_Notes/F.wav using Guid(7d3010164ec6de746adc6c3ac87486b8) Importer(815301076,1909f56bfc062723c751e8b465ee728b)  -> (artifact id: '6ec51c7303a8ce69ac3fbb6e13a27ae7') in 0.015511 seconds 
========================================================================
Received Import Request.
  Time since last request: 0.000032 seconds.
  path: Assets/Instruments/Music_Notes/FS.wav
  artifactKey: Guid(8446b9a6b619c6d45aa5fbcd510c79af) Importer(815301076,1909f56bfc062723c751e8b465ee728b)
Start importing Assets/Instruments/Music_Notes/FS.wav using Guid(8446b9a6b619c6d45aa5fbcd510c79af) Importer(815301076,1909f56bfc062723c751e8b465ee728b)  -> (artifact id: '4b6046d2f52af1f3a3709dd6794e1eb1') in 0.014087 seconds 
Editor requested this worker to shutdown with reason: Scaling down because of idle timeout
AssetImportWorker is now disconnected from the server
Process exiting
Exiting without the bug reporter. Application will terminate with return code 0